<?xml version="1.0" encoding="UTF-8"?>
<!-- Generated by org.testng.reporters.JUnitReportReporter -->
<testsuite hostname="DESKTOP-F9SN8P7" failures="0" tests="1" name="com.gitHubProject.Demo4Test" time="0.014" errors="0" timestamp="2021-11-11T14:07:19 IST" skipped="0">
  <testcase classname="com.gitHubProject.Demo4Test" name="demo4test" time="0.014"/>
  <system-out/>
</testsuite> <!-- com.gitHubProject.Demo4Test -->
