<?xml version="1.0" encoding="UTF-8"?>
<!-- Generated by org.testng.reporters.JUnitReportReporter -->
<testsuite hostname="DESKTOP-F9SN8P7" failures="0" tests="1" name="com.gitHubProject.Demo3Test" time="0.015" errors="0" timestamp="2021-11-11T14:00:31 IST" skipped="0">
  <testcase classname="com.gitHubProject.Demo3Test" name="demo3Test" time="0.015"/>
  <system-out/>
</testsuite> <!-- com.gitHubProject.Demo3Test -->
