<?xml version="1.0" encoding="UTF-8"?>
<!-- Generated by org.testng.reporters.JUnitReportReporter -->
<<<<<<< HEAD
<testsuite hostname="DESKTOP-F9SN8P7" failures="0" tests="1" name="com.gitHubProject.Demo1Test" time="0.019" errors="0" timestamp="2021-11-11T13:37:15 IST" skipped="0">
  <testcase classname="com.gitHubProject.Demo1Test" name="demoTest" time="0.019"/>
=======
<testsuite hostname="DESKTOP-F9SN8P7" failures="0" tests="1" name="com.gitHubProject.Demo1Test" time="0.015" errors="0" timestamp="2021-11-11T13:01:11 IST" skipped="0">
  <testcase classname="com.gitHubProject.Demo1Test" name="demoTest" time="0.015"/>
>>>>>>> branch 'master' of https://github.com/naveenap9902/SDET24.git
  <system-out/>
</testsuite> <!-- com.gitHubProject.Demo1Test -->
