<?xml version="1.0" encoding="UTF-8"?>
<!-- Generated by org.testng.reporters.JUnitReportReporter -->
<testsuite hostname="DESKTOP-F9SN8P7" failures="0" tests="1" name="com.gitHubProject.Demo1Test" time="0.019" errors="0" timestamp="2021-11-11T13:37:15 IST" skipped="0">
  <testcase classname="com.gitHubProject.Demo1Test" name="demoTest" time="0.019"/>
  <system-out/>
</testsuite> <!-- com.gitHubProject.Demo1Test -->
