<?xml version="1.0" encoding="UTF-8"?>
<!-- Generated by org.testng.reporters.JUnitReportReporter -->
<testsuite hostname="DESKTOP-F9SN8P7" failures="0" tests="1" name="com.gitHubProject.SampleTest" time="0.020" errors="0" timestamp="2021-11-11T13:46:15 IST" skipped="0">
  <testcase classname="com.gitHubProject.SampleTest" name="sample" time="0.020"/>
  <system-out/>
</testsuite> <!-- com.gitHubProject.SampleTest -->
