<?xml version="1.0" encoding="UTF-8"?>
<!-- Generated by org.testng.reporters.JUnitReportReporter -->
<testsuite hostname="DESKTOP-F9SN8P7" failures="0" tests="1" name="com.gitHubProject.NaveenTest" time="0.014" errors="0" timestamp="2021-11-11T14:39:28 IST" skipped="0">
  <testcase classname="com.gitHubProject.NaveenTest" name="naveebTest" time="0.014"/>
  <system-out/>
</testsuite> <!-- com.gitHubProject.NaveenTest -->
