<?xml version="1.0" encoding="UTF-8"?>
<!-- Generated by org.testng.reporters.JUnitReportReporter -->
<testsuite hostname="DESKTOP-F9SN8P7" failures="0" tests="1" name="com.gitHubProject.Demo2Test" time="0.025" errors="0" timestamp="2021-11-11T13:29:55 IST" skipped="0">
  <testcase classname="com.gitHubProject.Demo2Test" name="demo2Test" time="0.025"/>
  <system-out/>
</testsuite> <!-- com.gitHubProject.Demo2Test -->
