<?xml version="1.0" encoding="UTF-8"?>
<!-- Generated by org.testng.reporters.JUnitReportReporter -->
<testsuite hostname="DESKTOP-F9SN8P7" failures="0" tests="1" name="com.gitHubProject.NaveenBatchTest" time="0.018" errors="0" timestamp="2021-11-11T22:12:36 IST" skipped="0">
  <testcase classname="com.gitHubProject.NaveenBatchTest" name="naveenbatch" time="0.018"/>
  <system-out/>
</testsuite> <!-- com.gitHubProject.NaveenBatchTest -->
